<?xml version="1.0" encoding="UTF-8"?>
<testng-results ignored="0" total="1" passed="1" failed="0" skipped="0">
  <reporter-output>
  </reporter-output>
  <suite started-at="2020-07-15T10:14:01Z" name="InetBankingV1" finished-at="2020-07-15T10:14:09Z" duration-ms="7488">
    <groups>
    </groups>
    <test started-at="2020-07-15T10:14:01Z" name="Orange" finished-at="2020-07-15T10:14:09Z" duration-ms="7488">
      <class name="com.orangeHRTestcases.LoginTestcase">
        <test-method is-config="true" signature="setup(java.lang.String)[pri:0, instance:com.orangeHRTestcases.LoginTestcase@14a2f921]" started-at="2020-07-15T10:14:02Z" name="setup" finished-at="2020-07-15T10:14:06Z" duration-ms="4369" status="PASS">
          <params>
            <param index="0">
              <value>
                <![CDATA[chrome]]>
              </value>
            </param>
          </params>
          <reporter-output>
          </reporter-output>
        </test-method> <!-- setup -->
        <test-method signature="Login()[pri:0, instance:com.orangeHRTestcases.LoginTestcase@14a2f921]" started-at="2020-07-15T10:14:06Z" name="Login" finished-at="2020-07-15T10:14:09Z" duration-ms="2708" status="PASS">
          <reporter-output>
          </reporter-output>
        </test-method> <!-- Login -->
        <test-method is-config="true" signature="teardown()[pri:0, instance:com.orangeHRTestcases.LoginTestcase@14a2f921]" started-at="2020-07-15T10:14:09Z" name="teardown" finished-at="2020-07-15T10:14:09Z" duration-ms="152" status="PASS">
          <reporter-output>
          </reporter-output>
        </test-method> <!-- teardown -->
      </class> <!-- com.orangeHRTestcases.LoginTestcase -->
    </test> <!-- Orange -->
  </suite> <!-- InetBankingV1 -->
</testng-results>
